---Dinero IV cache simulator, version 7
---Written by Jan Edler and Mark D. Hill
---Copyright (C) 1997 NEC Research Institute, Inc. and Mark D. Hill.
---All rights reserved.
---Copyright (C) 1985, 1989 Mark D. Hill.  All rights reserved.
---See -copyright option for details

---Summary of options (-help option gives usage information).

-l1-usize 131072
-l1-ubsize 128
-l1-usbsize 128
-l1-uassoc 1
-l1-urepl l
-l1-ufetch d
-l1-uwalloc a
-l1-uwback a
-l1-uccc
-skipcount 0
-flushcount 0
-maxcount 0
-stat-interval 0
-informat d
-on-trigger 0x0
-off-trigger 0x0

---Simulation begins.
---Simulation complete.
l1-ucache
 Metrics		      Total	      Instrn	       Data	       Read	      Write	       Misc
 -----------------	      ------	      ------	      ------	      ------	      ------	      ------
 Demand Fetches		    10000020	     7573410	     2426610	     1596310	      830300	           0
  Fraction of total	      1.0000	      0.7573	      0.2427	      0.1596	      0.0830	      0.0000

 Demand Misses		       70293	       42334	       27959	       23284	        4675	           0
  Demand miss rate	      0.0070	      0.0056	      0.0115	      0.0146	      0.0056	      0.0000
   Compulsory misses	        2461	        1772	         689	         388	         301	           0
   Capacity misses	       20214	       14591	        5623	        3107	        2516	           0
   Conflict misses	       47618	       25971	       21647	       19789	        1858	           0
   Compulsory fraction	      0.0350	      0.0419	      0.0246	      0.0167	      0.0644	      0.0000
   Capacity fraction	      0.2876	      0.3447	      0.2011	      0.1334	      0.5382	      0.0000
   Conflict fraction	      0.6774	      0.6135	      0.7742	      0.8499	      0.3974	      0.0000

 Multi-block refs                 0
 Bytes From Memory	     8997504
 ( / Demand Fetches)	      0.8997
 Bytes To Memory	     1010688
 ( / Demand Writes)	      1.2173
 Total Bytes r/w Mem	    10008192
 ( / Demand Fetches)	      1.0008

---Execution complete.
