---Dinero IV cache simulator, version 7
---Written by Jan Edler and Mark D. Hill
---Copyright (C) 1997 NEC Research Institute, Inc. and Mark D. Hill.
---All rights reserved.
---Copyright (C) 1985, 1989 Mark D. Hill.  All rights reserved.
---See -copyright option for details

---Summary of options (-help option gives usage information).

-l1-usize 131072
-l1-ubsize 128
-l1-usbsize 128
-l1-uassoc 8
-l1-urepl l
-l1-ufetch d
-l1-uwalloc a
-l1-uwback a
-l1-uccc
-skipcount 0
-flushcount 0
-maxcount 0
-stat-interval 0
-informat d
-on-trigger 0x0
-off-trigger 0x0

---Simulation begins.
---Simulation complete.
l1-ucache
 Metrics		      Total	      Instrn	       Data	       Read	      Write	       Misc
 -----------------	      ------	      ------	      ------	      ------	      ------	      ------
 Demand Fetches		    10000020	     7573410	     2426610	     1596310	      830300	           0
  Fraction of total	      1.0000	      0.7573	      0.2427	      0.1596	      0.0830	      0.0000

 Demand Misses		       26660	       19396	        7264	        4169	        3095	           0
  Demand miss rate	      0.0027	      0.0026	      0.0030	      0.0026	      0.0037	      0.0000
   Compulsory misses	        2461	        1772	         689	         388	         301	           0
   Capacity misses	       22249	       16159	        6090	        3353	        2737	           0
   Conflict misses	        1950	        1465	         485	         428	          57	           0
   Compulsory fraction	      0.0923	      0.0914	      0.0949	      0.0931	      0.0973	      0.0000
   Capacity fraction	      0.8345	      0.8331	      0.8384	      0.8043	      0.8843	      0.0000
   Conflict fraction	      0.0731	      0.0755	      0.0668	      0.1027	      0.0184	      0.0000

 Multi-block refs                 0
 Bytes From Memory	     3412480
 ( / Demand Fetches)	      0.3412
 Bytes To Memory	      471680
 ( / Demand Writes)	      0.5681
 Total Bytes r/w Mem	     3884160
 ( / Demand Fetches)	      0.3884

---Execution complete.
