---Dinero IV cache simulator, version 7
---Written by Jan Edler and Mark D. Hill
---Copyright (C) 1997 NEC Research Institute, Inc. and Mark D. Hill.
---All rights reserved.
---Copyright (C) 1985, 1989 Mark D. Hill.  All rights reserved.
---See -copyright option for details

---Summary of options (-help option gives usage information).

-l1-usize 131072
-l1-ubsize 128
-l1-usbsize 128
-l1-uassoc 2
-l1-urepl l
-l1-ufetch d
-l1-uwalloc a
-l1-uwback a
-l1-uccc
-skipcount 0
-flushcount 0
-maxcount 0
-stat-interval 0
-informat d
-on-trigger 0x0
-off-trigger 0x0

---Simulation begins.
---Simulation complete.
l1-ucache
 Metrics		      Total	      Instrn	       Data	       Read	      Write	       Misc
 -----------------	      ------	      ------	      ------	      ------	      ------	      ------
 Demand Fetches		    10000020	     7573410	     2426610	     1596310	      830300	           0
  Fraction of total	      1.0000	      0.7573	      0.2427	      0.1596	      0.0830	      0.0000

 Demand Misses		       39515	       26057	       13458	        9966	        3492	           0
  Demand miss rate	      0.0040	      0.0034	      0.0055	      0.0062	      0.0042	      0.0000
   Compulsory misses	        2461	        1772	         689	         388	         301	           0
   Capacity misses	       21287	       15571	        5716	        3213	        2503	           0
   Conflict misses	       15767	        8714	        7053	        6365	         688	           0
   Compulsory fraction	      0.0623	      0.0680	      0.0512	      0.0389	      0.0862	      0.0000
   Capacity fraction	      0.5387	      0.5976	      0.4247	      0.3224	      0.7168	      0.0000
   Conflict fraction	      0.3990	      0.3344	      0.5241	      0.6387	      0.1970	      0.0000

 Multi-block refs                 0
 Bytes From Memory	     5057920
 ( / Demand Fetches)	      0.5058
 Bytes To Memory	      641664
 ( / Demand Writes)	      0.7728
 Total Bytes r/w Mem	     5699584
 ( / Demand Fetches)	      0.5700

---Execution complete.
