---Dinero IV cache simulator, version 7
---Written by Jan Edler and Mark D. Hill
---Copyright (C) 1997 NEC Research Institute, Inc. and Mark D. Hill.
---All rights reserved.
---Copyright (C) 1985, 1989 Mark D. Hill.  All rights reserved.
---See -copyright option for details

---Summary of options (-help option gives usage information).

-l1-usize 262144
-l1-ubsize 128
-l1-usbsize 128
-l1-uassoc 2
-l1-urepl l
-l1-ufetch d
-l1-uwalloc a
-l1-uwback a
-l1-uccc
-skipcount 0
-flushcount 0
-maxcount 0
-stat-interval 0
-informat d
-on-trigger 0x0
-off-trigger 0x0

---Simulation begins.
---Simulation complete.
l1-ucache
 Metrics		      Total	      Instrn	       Data	       Read	      Write	       Misc
 -----------------	      ------	      ------	      ------	      ------	      ------	      ------
 Demand Fetches		    10000020	     7573410	     2426610	     1596310	      830300	           0
  Fraction of total	      1.0000	      0.7573	      0.2427	      0.1596	      0.0830	      0.0000

 Demand Misses		       18833	       12711	        6122	        3792	        2330	           0
  Demand miss rate	      0.0019	      0.0017	      0.0025	      0.0024	      0.0028	      0.0000
   Compulsory misses	        2461	        1772	         689	         388	         301	           0
   Capacity misses	       10680	        7829	        2851	        1334	        1517	           0
   Conflict misses	        5692	        3110	        2582	        2070	         512	           0
   Compulsory fraction	      0.1307	      0.1394	      0.1125	      0.1023	      0.1292	      0.0000
   Capacity fraction	      0.5671	      0.6159	      0.4657	      0.3518	      0.6511	      0.0000
   Conflict fraction	      0.3022	      0.2447	      0.4218	      0.5459	      0.2197	      0.0000

 Multi-block refs                 0
 Bytes From Memory	     2410624
 ( / Demand Fetches)	      0.2411
 Bytes To Memory	      349952
 ( / Demand Writes)	      0.4215
 Total Bytes r/w Mem	     2760576
 ( / Demand Fetches)	      0.2761

---Execution complete.
