---Dinero IV cache simulator, version 7
---Written by Jan Edler and Mark D. Hill
---Copyright (C) 1997 NEC Research Institute, Inc. and Mark D. Hill.
---All rights reserved.
---Copyright (C) 1985, 1989 Mark D. Hill.  All rights reserved.
---See -copyright option for details

---Summary of options (-help option gives usage information).

-l1-usize 262144
-l1-ubsize 128
-l1-usbsize 128
-l1-uassoc 1
-l1-urepl l
-l1-ufetch d
-l1-uwalloc a
-l1-uwback a
-l1-uccc
-skipcount 0
-flushcount 0
-maxcount 0
-stat-interval 0
-informat d
-on-trigger 0x0
-off-trigger 0x0

---Simulation begins.
---Simulation complete.
l1-ucache
 Metrics		      Total	      Instrn	       Data	       Read	      Write	       Misc
 -----------------	      ------	      ------	      ------	      ------	      ------	      ------
 Demand Fetches		    10000020	     7573410	     2426610	     1596310	      830300	           0
  Fraction of total	      1.0000	      0.7573	      0.2427	      0.1596	      0.0830	      0.0000

 Demand Misses		       41247	       25480	       15767	       12941	        2826	           0
  Demand miss rate	      0.0041	      0.0034	      0.0065	      0.0081	      0.0034	      0.0000
   Compulsory misses	        2461	        1772	         689	         388	         301	           0
   Capacity misses	       11245	        8381	        2864	        1491	        1373	           0
   Conflict misses	       27541	       15327	       12214	       11062	        1152	           0
   Compulsory fraction	      0.0597	      0.0695	      0.0437	      0.0300	      0.1065	      0.0000
   Capacity fraction	      0.2726	      0.3289	      0.1816	      0.1152	      0.4858	      0.0000
   Conflict fraction	      0.6677	      0.6015	      0.7747	      0.8548	      0.4076	      0.0000

 Multi-block refs                 0
 Bytes From Memory	     5279616
 ( / Demand Fetches)	      0.5280
 Bytes To Memory	      553344
 ( / Demand Writes)	      0.6664
 Total Bytes r/w Mem	     5832960
 ( / Demand Fetches)	      0.5833

---Execution complete.
