---Dinero IV cache simulator, version 7
---Written by Jan Edler and Mark D. Hill
---Copyright (C) 1997 NEC Research Institute, Inc. and Mark D. Hill.
---All rights reserved.
---Copyright (C) 1985, 1989 Mark D. Hill.  All rights reserved.
---See -copyright option for details

---Summary of options (-help option gives usage information).

-l1-usize 32768
-l1-ubsize 128
-l1-usbsize 128
-l1-uassoc 8
-l1-urepl l
-l1-ufetch d
-l1-uwalloc a
-l1-uwback a
-l1-uccc
-skipcount 0
-flushcount 0
-maxcount 0
-stat-interval 0
-informat d
-on-trigger 0x0
-off-trigger 0x0

---Simulation begins.
---Simulation complete.
l1-ucache
 Metrics		      Total	      Instrn	       Data	       Read	      Write	       Misc
 -----------------	      ------	      ------	      ------	      ------	      ------	      ------
 Demand Fetches		    10000020	     7573410	     2426610	     1596310	      830300	           0
  Fraction of total	      1.0000	      0.7573	      0.2427	      0.1596	      0.0830	      0.0000

 Demand Misses		       95656	       60265	       35391	       28513	        6878	           0
  Demand miss rate	      0.0096	      0.0080	      0.0146	      0.0179	      0.0083	      0.0000
   Compulsory misses	        2461	        1772	         689	         388	         301	           0
   Capacity misses	       77637	       49350	       28287	       22829	        5458	           0
   Conflict misses	       15558	        9143	        6415	        5296	        1119	           0
   Compulsory fraction	      0.0257	      0.0294	      0.0195	      0.0136	      0.0438	      0.0000
   Capacity fraction	      0.8116	      0.8189	      0.7993	      0.8007	      0.7935	      0.0000
   Conflict fraction	      0.1626	      0.1517	      0.1813	      0.1857	      0.1627	      0.0000

 Multi-block refs                 0
 Bytes From Memory	    12243968
 ( / Demand Fetches)	      1.2244
 Bytes To Memory	     1416832
 ( / Demand Writes)	      1.7064
 Total Bytes r/w Mem	    13660800
 ( / Demand Fetches)	      1.3661

---Execution complete.
