---Dinero IV cache simulator, version 7
---Written by Jan Edler and Mark D. Hill
---Copyright (C) 1997 NEC Research Institute, Inc. and Mark D. Hill.
---All rights reserved.
---Copyright (C) 1985, 1989 Mark D. Hill.  All rights reserved.
---See -copyright option for details

---Summary of options (-help option gives usage information).

-l1-usize 32768
-l1-ubsize 128
-l1-usbsize 128
-l1-uassoc 1
-l1-urepl l
-l1-ufetch d
-l1-uwalloc a
-l1-uwback a
-l1-uccc
-skipcount 0
-flushcount 0
-maxcount 0
-stat-interval 0
-informat d
-on-trigger 0x0
-off-trigger 0x0

---Simulation begins.
---Simulation complete.
l1-ucache
 Metrics		      Total	      Instrn	       Data	       Read	      Write	       Misc
 -----------------	      ------	      ------	      ------	      ------	      ------	      ------
 Demand Fetches		    10000020	     7573410	     2426610	     1596310	      830300	           0
  Fraction of total	      1.0000	      0.7573	      0.2427	      0.1596	      0.0830	      0.0000

 Demand Misses		      212461	      118758	       93703	       78105	       15598	           0
  Demand miss rate	      0.0212	      0.0157	      0.0386	      0.0489	      0.0188	      0.0000
   Compulsory misses	        2461	        1772	         689	         388	         301	           0
   Capacity misses	       70276	       45049	       25227	       20629	        4598	           0
   Conflict misses	      139724	       71937	       67787	       57088	       10699	           0
   Compulsory fraction	      0.0116	      0.0149	      0.0074	      0.0050	      0.0193	      0.0000
   Capacity fraction	      0.3308	      0.3793	      0.2692	      0.2641	      0.2948	      0.0000
   Conflict fraction	      0.6576	      0.6057	      0.7234	      0.7309	      0.6859	      0.0000

 Multi-block refs                 0
 Bytes From Memory	    27195008
 ( / Demand Fetches)	      2.7195
 Bytes To Memory	     3827584
 ( / Demand Writes)	      4.6099
 Total Bytes r/w Mem	    31022592
 ( / Demand Fetches)	      3.1023

---Execution complete.
