---Dinero IV cache simulator, version 7
---Written by Jan Edler and Mark D. Hill
---Copyright (C) 1997 NEC Research Institute, Inc. and Mark D. Hill.
---All rights reserved.
---Copyright (C) 1985, 1989 Mark D. Hill.  All rights reserved.
---See -copyright option for details

---Summary of options (-help option gives usage information).

-l1-usize 32768
-l1-ubsize 128
-l1-usbsize 128
-l1-uassoc 2
-l1-urepl l
-l1-ufetch d
-l1-uwalloc a
-l1-uwback a
-l1-uccc
-skipcount 0
-flushcount 0
-maxcount 0
-stat-interval 0
-informat d
-on-trigger 0x0
-off-trigger 0x0

---Simulation begins.
---Simulation complete.
l1-ucache
 Metrics		      Total	      Instrn	       Data	       Read	      Write	       Misc
 -----------------	      ------	      ------	      ------	      ------	      ------	      ------
 Demand Fetches		    10000020	     7573410	     2426610	     1596310	      830300	           0
  Fraction of total	      1.0000	      0.7573	      0.2427	      0.1596	      0.0830	      0.0000

 Demand Misses		      129763	       78796	       50967	       41349	        9618	           0
  Demand miss rate	      0.0130	      0.0104	      0.0210	      0.0259	      0.0116	      0.0000
   Compulsory misses	        2461	        1772	         689	         388	         301	           0
   Capacity misses	       71856	       45789	       26067	       21079	        4988	           0
   Conflict misses	       55446	       31235	       24211	       19882	        4329	           0
   Compulsory fraction	      0.0190	      0.0225	      0.0135	      0.0094	      0.0313	      0.0000
   Capacity fraction	      0.5537	      0.5811	      0.5114	      0.5098	      0.5186	      0.0000
   Conflict fraction	      0.4273	      0.3964	      0.4750	      0.4808	      0.4501	      0.0000

 Multi-block refs                 0
 Bytes From Memory	    16609664
 ( / Demand Fetches)	      1.6610
 Bytes To Memory	     2033664
 ( / Demand Writes)	      2.4493
 Total Bytes r/w Mem	    18643328
 ( / Demand Fetches)	      1.8643

---Execution complete.
