---Dinero IV cache simulator, version 7
---Written by Jan Edler and Mark D. Hill
---Copyright (C) 1997 NEC Research Institute, Inc. and Mark D. Hill.
---All rights reserved.
---Copyright (C) 1985, 1989 Mark D. Hill.  All rights reserved.
---See -copyright option for details

---Summary of options (-help option gives usage information).

-l1-usize 65536
-l1-ubsize 128
-l1-usbsize 128
-l1-uassoc 1
-l1-urepl l
-l1-ufetch d
-l1-uwalloc a
-l1-uwback a
-l1-uccc
-skipcount 0
-flushcount 0
-maxcount 0
-stat-interval 0
-informat d
-on-trigger 0x0
-off-trigger 0x0

---Simulation begins.
---Simulation complete.
l1-ucache
 Metrics		      Total	      Instrn	       Data	       Read	      Write	       Misc
 -----------------	      ------	      ------	      ------	      ------	      ------	      ------
 Demand Fetches		    10000020	     7573410	     2426610	     1596310	      830300	           0
  Fraction of total	      1.0000	      0.7573	      0.2427	      0.1596	      0.0830	      0.0000

 Demand Misses		      145633	       80762	       64871	       54501	       10370	           0
  Demand miss rate	      0.0146	      0.0107	      0.0267	      0.0341	      0.0125	      0.0000
   Compulsory misses	        2461	        1772	         689	         388	         301	           0
   Capacity misses	       31365	       22019	        9346	        6173	        3173	           0
   Conflict misses	      111807	       56971	       54836	       47940	        6896	           0
   Compulsory fraction	      0.0169	      0.0219	      0.0106	      0.0071	      0.0290	      0.0000
   Capacity fraction	      0.2154	      0.2726	      0.1441	      0.1133	      0.3060	      0.0000
   Conflict fraction	      0.7677	      0.7054	      0.8453	      0.8796	      0.6650	      0.0000

 Multi-block refs                 0
 Bytes From Memory	    18641024
 ( / Demand Fetches)	      1.8641
 Bytes To Memory	     2658688
 ( / Demand Writes)	      3.2021
 Total Bytes r/w Mem	    21299712
 ( / Demand Fetches)	      2.1300

---Execution complete.
