---Dinero IV cache simulator, version 7
---Written by Jan Edler and Mark D. Hill
---Copyright (C) 1997 NEC Research Institute, Inc. and Mark D. Hill.
---All rights reserved.
---Copyright (C) 1985, 1989 Mark D. Hill.  All rights reserved.
---See -copyright option for details

---Summary of options (-help option gives usage information).

-l1-usize 65536
-l1-ubsize 128
-l1-usbsize 128
-l1-uassoc 8
-l1-urepl l
-l1-ufetch d
-l1-uwalloc a
-l1-uwback a
-l1-uccc
-skipcount 0
-flushcount 0
-maxcount 0
-stat-interval 0
-informat d
-on-trigger 0x0
-off-trigger 0x0

---Simulation begins.
---Simulation complete.
l1-ucache
 Metrics		      Total	      Instrn	       Data	       Read	      Write	       Misc
 -----------------	      ------	      ------	      ------	      ------	      ------	      ------
 Demand Fetches		    10000020	     7573410	     2426610	     1596310	      830300	           0
  Fraction of total	      1.0000	      0.7573	      0.2427	      0.1596	      0.0830	      0.0000

 Demand Misses		       41942	       28897	       13045	        9123	        3922	           0
  Demand miss rate	      0.0042	      0.0038	      0.0054	      0.0057	      0.0047	      0.0000
   Compulsory misses	        2461	        1772	         689	         388	         301	           0
   Capacity misses	       32739	       22916	        9823	        6372	        3451	           0
   Conflict misses	        6742	        4209	        2533	        2363	         170	           0
   Compulsory fraction	      0.0587	      0.0613	      0.0528	      0.0425	      0.0767	      0.0000
   Capacity fraction	      0.7806	      0.7930	      0.7530	      0.6985	      0.8799	      0.0000
   Conflict fraction	      0.1607	      0.1457	      0.1942	      0.2590	      0.0433	      0.0000

 Multi-block refs                 0
 Bytes From Memory	     5368576
 ( / Demand Fetches)	      0.5369
 Bytes To Memory	      653824
 ( / Demand Writes)	      0.7875
 Total Bytes r/w Mem	     6022400
 ( / Demand Fetches)	      0.6022

---Execution complete.
