---Dinero IV cache simulator, version 7
---Written by Jan Edler and Mark D. Hill
---Copyright (C) 1997 NEC Research Institute, Inc. and Mark D. Hill.
---All rights reserved.
---Copyright (C) 1985, 1989 Mark D. Hill.  All rights reserved.
---See -copyright option for details

---Summary of options (-help option gives usage information).

-l1-usize 65536
-l1-ubsize 128
-l1-usbsize 128
-l1-uassoc 512
-l1-urepl l
-l1-ufetch d
-l1-uwalloc a
-l1-uwback a
-l1-uccc
-skipcount 0
-flushcount 0
-maxcount 0
-stat-interval 0
-informat d
-on-trigger 0x0
-off-trigger 0x0

---Simulation begins.
---Simulation complete.
l1-ucache
 Metrics		      Total	      Instrn	       Data	       Read	      Write	       Misc
 -----------------	      ------	      ------	      ------	      ------	      ------	      ------
 Demand Fetches		    10000020	     7573410	     2426610	     1596310	      830300	           0
  Fraction of total	      1.0000	      0.7573	      0.2427	      0.1596	      0.0830	      0.0000

 Demand Misses		       37224	       25824	       11400	        7548	        3852	           0
  Demand miss rate	      0.0037	      0.0034	      0.0047	      0.0047	      0.0046	      0.0000
   Compulsory misses	        2461	        1772	         689	         388	         301	           0
   Capacity misses	       34763	       24052	       10711	        7160	        3551	           0
   Conflict misses	           0	           0	           0	           0	           0	           0
   Compulsory fraction	      0.0661	      0.0686	      0.0604	      0.0514	      0.0781	      0.0000
   Capacity fraction	      0.9339	      0.9314	      0.9396	      0.9486	      0.9219	      0.0000
   Conflict fraction	      0.0000	      0.0000	      0.0000	      0.0000	      0.0000	      0.0000

 Multi-block refs                 0
 Bytes From Memory	     4764672
 ( / Demand Fetches)	      0.4765
 Bytes To Memory	      633216
 ( / Demand Writes)	      0.7626
 Total Bytes r/w Mem	     5397888
 ( / Demand Fetches)	      0.5398

---Execution complete.
